This file contains any messages produced by compilers while
running configure, to aid debugging if configure makes a mistake.

It was created by smqueue configure 5.0-master, which was
generated by GNU Autoconf 2.69.  Invocation command line was

  $ ./configure 

## --------- ##
## Platform. ##
## --------- ##

hostname = Lenovo
uname -m = x86_64
uname -r = 5.2.0-050200-generic
uname -s = Linux
uname -v = #201907231526 SMP Tue Jul 23 15:29:02 UTC 2019

/usr/bin/uname -p = unknown
/bin/uname -X     = unknown

/bin/arch              = unknown
/usr/bin/arch -k       = unknown
/usr/convex/getsysinfo = unknown
/usr/bin/hostinfo      = unknown
/bin/machine           = unknown
/usr/bin/oslevel       = unknown
/bin/universe          = unknown

PATH: /usr/local/sbin
PATH: /usr/local/bin
PATH: /usr/sbin
PATH: /usr/bin
PATH: /sbin
PATH: /bin
PATH: /snap/bin


## ----------- ##
## Core tests. ##
## ----------- ##

configure:2470: checking build system type
configure:2484: result: x86_64-pc-linux-gnu
configure:2504: checking host system type
configure:2517: result: x86_64-pc-linux-gnu
configure:2537: checking target system type
configure:2550: result: x86_64-pc-linux-gnu
configure:2622: checking for a BSD-compatible install
configure:2690: result: /usr/bin/install -c
configure:2701: checking whether build environment is sane
configure:2756: result: yes
configure:2907: checking for a thread-safe mkdir -p
configure:2946: result: /bin/mkdir -p
configure:2953: checking for gawk
configure:2983: result: no
configure:2953: checking for mawk
configure:2969: found /usr/bin/mawk
configure:2980: result: mawk
configure:2991: checking whether make sets $(MAKE)
configure:3013: result: yes
configure:3042: checking whether make supports nested variables
configure:3059: result: yes
configure:3202: checking for style of include used by make
configure:3230: result: GNU
configure:3301: checking for gcc
configure:3317: found /usr/bin/gcc
configure:3328: result: gcc
configure:3557: checking for C compiler version
configure:3566: gcc --version >&5
gcc (Ubuntu 5.4.0-6ubuntu1~16.04.12) 5.4.0 20160609
Copyright (C) 2015 Free Software Foundation, Inc.
This is free software; see the source for copying conditions.  There is NO
warranty; not even for MERCHANTABILITY or FITNESS FOR A PARTICULAR PURPOSE.

configure:3577: $? = 0
configure:3566: gcc -v >&5
Using built-in specs.
COLLECT_GCC=gcc
COLLECT_LTO_WRAPPER=/usr/lib/gcc/x86_64-linux-gnu/5/lto-wrapper
Target: x86_64-linux-gnu
Configured with: ../src/configure -v --with-pkgversion='Ubuntu 5.4.0-6ubuntu1~16.04.12' --with-bugurl=file:///usr/share/doc/gcc-5/README.Bugs --enable-languages=c,ada,c++,java,go,d,fortran,objc,obj-c++ --prefix=/usr --program-suffix=-5 --enable-shared --enable-linker-build-id --libexecdir=/usr/lib --without-included-gettext --enable-threads=posix --libdir=/usr/lib --enable-nls --with-sysroot=/ --enable-clocale=gnu --enable-libstdcxx-debug --enable-libstdcxx-time=yes --with-default-libstdcxx-abi=new --enable-gnu-unique-object --disable-vtable-verify --enable-libmpx --enable-plugin --with-system-zlib --disable-browser-plugin --enable-java-awt=gtk --enable-gtk-cairo --with-java-home=/usr/lib/jvm/java-1.5.0-gcj-5-amd64/jre --enable-java-home --with-jvm-root-dir=/usr/lib/jvm/java-1.5.0-gcj-5-amd64 --with-jvm-jar-dir=/usr/lib/jvm-exports/java-1.5.0-gcj-5-amd64 --with-arch-directory=amd64 --with-ecj-jar=/usr/share/java/eclipse-ecj.jar --enable-objc-gc --enable-multiarch --disable-werror --with-arch-32=i686 --with-abi=m64 --with-multilib-list=m32,m64,mx32 --enable-multilib --with-tune=generic --enable-checking=release --build=x86_64-linux-gnu --host=x86_64-linux-gnu --target=x86_64-linux-gnu
Thread model: posix
gcc version 5.4.0 20160609 (Ubuntu 5.4.0-6ubuntu1~16.04.12) 
configure:3577: $? = 0
configure:3566: gcc -V >&5
gcc: error: unrecognized command line option '-V'
gcc: fatal error: no input files
compilation terminated.
configure:3577: $? = 1
configure:3566: gcc -qversion >&5
gcc: error: unrecognized command line option '-qversion'
gcc: fatal error: no input files
compilation terminated.
configure:3577: $? = 1
configure:3597: checking whether the C compiler works
configure:3619: gcc    conftest.c  >&5
configure:3623: $? = 0
configure:3671: result: yes
configure:3674: checking for C compiler default output file name
configure:3676: result: a.out
configure:3682: checking for suffix of executables
configure:3689: gcc -o conftest    conftest.c  >&5
configure:3693: $? = 0
configure:3715: result: 
configure:3737: checking whether we are cross compiling
configure:3745: gcc -o conftest    conftest.c  >&5
configure:3749: $? = 0
configure:3756: ./conftest
configure:3760: $? = 0
configure:3775: result: no
configure:3780: checking for suffix of object files
configure:3802: gcc -c   conftest.c >&5
configure:3806: $? = 0
configure:3827: result: o
configure:3831: checking whether we are using the GNU C compiler
configure:3850: gcc -c   conftest.c >&5
configure:3850: $? = 0
configure:3859: result: yes
configure:3868: checking whether gcc accepts -g
configure:3888: gcc -c -g  conftest.c >&5
configure:3888: $? = 0
configure:3929: result: yes
configure:3946: checking for gcc option to accept ISO C89
configure:4009: gcc  -c -g -O2  conftest.c >&5
configure:4009: $? = 0
configure:4022: result: none needed
configure:4047: checking whether gcc understands -c and -o together
configure:4069: gcc -c conftest.c -o conftest2.o
configure:4072: $? = 0
configure:4069: gcc -c conftest.c -o conftest2.o
configure:4072: $? = 0
configure:4084: result: yes
configure:4103: checking dependency style of gcc
configure:4214: result: gcc3
configure:4238: checking dependency style of gcc
configure:4347: result: gcc3
configure:4420: checking for g++
configure:4436: found /usr/bin/g++
configure:4447: result: g++
configure:4474: checking for C++ compiler version
configure:4483: g++ --version >&5
g++ (Ubuntu 5.4.0-6ubuntu1~16.04.12) 5.4.0 20160609
Copyright (C) 2015 Free Software Foundation, Inc.
This is free software; see the source for copying conditions.  There is NO
warranty; not even for MERCHANTABILITY or FITNESS FOR A PARTICULAR PURPOSE.

configure:4494: $? = 0
configure:4483: g++ -v >&5
Using built-in specs.
COLLECT_GCC=g++
COLLECT_LTO_WRAPPER=/usr/lib/gcc/x86_64-linux-gnu/5/lto-wrapper
Target: x86_64-linux-gnu
Configured with: ../src/configure -v --with-pkgversion='Ubuntu 5.4.0-6ubuntu1~16.04.12' --with-bugurl=file:///usr/share/doc/gcc-5/README.Bugs --enable-languages=c,ada,c++,java,go,d,fortran,objc,obj-c++ --prefix=/usr --program-suffix=-5 --enable-shared --enable-linker-build-id --libexecdir=/usr/lib --without-included-gettext --enable-threads=posix --libdir=/usr/lib --enable-nls --with-sysroot=/ --enable-clocale=gnu --enable-libstdcxx-debug --enable-libstdcxx-time=yes --with-default-libstdcxx-abi=new --enable-gnu-unique-object --disable-vtable-verify --enable-libmpx --enable-plugin --with-system-zlib --disable-browser-plugin --enable-java-awt=gtk --enable-gtk-cairo --with-java-home=/usr/lib/jvm/java-1.5.0-gcj-5-amd64/jre --enable-java-home --with-jvm-root-dir=/usr/lib/jvm/java-1.5.0-gcj-5-amd64 --with-jvm-jar-dir=/usr/lib/jvm-exports/java-1.5.0-gcj-5-amd64 --with-arch-directory=amd64 --with-ecj-jar=/usr/share/java/eclipse-ecj.jar --enable-objc-gc --enable-multiarch --disable-werror --with-arch-32=i686 --with-abi=m64 --with-multilib-list=m32,m64,mx32 --enable-multilib --with-tune=generic --enable-checking=release --build=x86_64-linux-gnu --host=x86_64-linux-gnu --target=x86_64-linux-gnu
Thread model: posix
gcc version 5.4.0 20160609 (Ubuntu 5.4.0-6ubuntu1~16.04.12) 
configure:4494: $? = 0
configure:4483: g++ -V >&5
g++: error: unrecognized command line option '-V'
g++: fatal error: no input files
compilation terminated.
configure:4494: $? = 1
configure:4483: g++ -qversion >&5
g++: error: unrecognized command line option '-qversion'
g++: fatal error: no input files
compilation terminated.
configure:4494: $? = 1
configure:4498: checking whether we are using the GNU C++ compiler
configure:4517: g++ -c   conftest.cpp >&5
configure:4517: $? = 0
configure:4526: result: yes
configure:4535: checking whether g++ accepts -g
configure:4555: g++ -c -g  conftest.cpp >&5
configure:4555: $? = 0
configure:4596: result: yes
configure:4621: checking dependency style of g++
configure:4732: result: gcc3
configure:4747: checking whether ln -s works
configure:4751: result: yes
configure:4758: checking whether make sets $(MAKE)
configure:4780: result: yes
configure:4792: checking for rm
configure:4810: found /bin/rm
configure:4822: result: /bin/rm
configure:4937: checking how to print strings
configure:4964: result: printf
configure:4985: checking for a sed that does not truncate output
configure:5049: result: /bin/sed
configure:5067: checking for grep that handles long lines and -e
configure:5125: result: /bin/grep
configure:5130: checking for egrep
configure:5192: result: /bin/grep -E
configure:5197: checking for fgrep
configure:5259: result: /bin/grep -F
configure:5294: checking for ld used by gcc
configure:5361: result: /usr/bin/ld
configure:5368: checking if the linker (/usr/bin/ld) is GNU ld
configure:5383: result: yes
configure:5395: checking for BSD- or MS-compatible name lister (nm)
configure:5449: result: /usr/bin/nm -B
configure:5579: checking the name lister (/usr/bin/nm -B) interface
configure:5586: gcc -c -g -O2  conftest.c >&5
configure:5589: /usr/bin/nm -B "conftest.o"
configure:5592: output
0000000000000000 B some_variable
configure:5599: result: BSD nm
configure:5603: checking the maximum length of command line arguments
configure:5734: result: 1572864
configure:5782: checking how to convert x86_64-pc-linux-gnu file names to x86_64-pc-linux-gnu format
configure:5822: result: func_convert_file_noop
configure:5829: checking how to convert x86_64-pc-linux-gnu file names to toolchain format
configure:5849: result: func_convert_file_noop
configure:5856: checking for /usr/bin/ld option to reload object files
configure:5863: result: -r
configure:5937: checking for objdump
configure:5953: found /usr/bin/objdump
configure:5964: result: objdump
configure:5996: checking how to recognize dependent libraries
configure:6196: result: pass_all
configure:6281: checking for dlltool
configure:6311: result: no
configure:6341: checking how to associate runtime and link libraries
configure:6368: result: printf %s\n
configure:6429: checking for ar
configure:6445: found /usr/bin/ar
configure:6456: result: ar
configure:6493: checking for archiver @FILE support
configure:6510: gcc -c -g -O2  conftest.c >&5
configure:6510: $? = 0
configure:6513: ar cru libconftest.a @conftest.lst >&5
ar: `u' modifier ignored since `D' is the default (see `U')
configure:6516: $? = 0
configure:6521: ar cru libconftest.a @conftest.lst >&5
ar: `u' modifier ignored since `D' is the default (see `U')
ar: conftest.o: No such file or directory
configure:6524: $? = 1
configure:6536: result: @
configure:6594: checking for strip
configure:6610: found /usr/bin/strip
configure:6621: result: strip
configure:6693: checking for ranlib
configure:6709: found /usr/bin/ranlib
configure:6720: result: ranlib
configure:6822: checking command to parse /usr/bin/nm -B output from gcc object
configure:6975: gcc -c -g -O2  conftest.c >&5
configure:6978: $? = 0
configure:6982: /usr/bin/nm -B conftest.o \| sed -n -e 's/^.*[ ]\([ABCDGIRSTW][ABCDGIRSTW]*\)[ ][ ]*\([_A-Za-z][_A-Za-z0-9]*\)$/\1 \2 \2/p' | sed '/ __gnu_lto/d' \> conftest.nm
configure:6985: $? = 0
configure:7051: gcc -o conftest -g -O2   conftest.c conftstm.o >&5
configure:7054: $? = 0
configure:7092: result: ok
configure:7139: checking for sysroot
configure:7169: result: no
configure:7176: checking for a working dd
configure:7214: result: /bin/dd
configure:7218: checking how to truncate binary pipes
configure:7233: result: /bin/dd bs=4096 count=1
configure:7369: gcc -c -g -O2  conftest.c >&5
configure:7372: $? = 0
configure:7562: checking for mt
configure:7578: found /bin/mt
configure:7589: result: mt
configure:7612: checking if mt is a manifest tool
configure:7618: mt '-?'
configure:7626: result: no
configure:8303: checking how to run the C preprocessor
configure:8334: gcc -E  conftest.c
configure:8334: $? = 0
configure:8348: gcc -E  conftest.c
conftest.c:11:28: fatal error: ac_nonexistent.h: No such file or directory
compilation terminated.
configure:8348: $? = 1
configure: failed program was:
| /* confdefs.h */
| #define PACKAGE_NAME "smqueue"
| #define PACKAGE_TARNAME "smqueue"
| #define PACKAGE_VERSION "5.0-master"
| #define PACKAGE_STRING "smqueue 5.0-master"
| #define PACKAGE_BUGREPORT ""
| #define PACKAGE_URL ""
| #define PACKAGE "smqueue"
| #define VERSION "5.0-master"
| /* end confdefs.h.  */
| #include <ac_nonexistent.h>
configure:8373: result: gcc -E
configure:8393: gcc -E  conftest.c
configure:8393: $? = 0
configure:8407: gcc -E  conftest.c
conftest.c:11:28: fatal error: ac_nonexistent.h: No such file or directory
compilation terminated.
configure:8407: $? = 1
configure: failed program was:
| /* confdefs.h */
| #define PACKAGE_NAME "smqueue"
| #define PACKAGE_TARNAME "smqueue"
| #define PACKAGE_VERSION "5.0-master"
| #define PACKAGE_STRING "smqueue 5.0-master"
| #define PACKAGE_BUGREPORT ""
| #define PACKAGE_URL ""
| #define PACKAGE "smqueue"
| #define VERSION "5.0-master"
| /* end confdefs.h.  */
| #include <ac_nonexistent.h>
configure:8436: checking for ANSI C header files
configure:8456: gcc -c -g -O2  conftest.c >&5
configure:8456: $? = 0
configure:8529: gcc -o conftest -g -O2   conftest.c  >&5
configure:8529: $? = 0
configure:8529: ./conftest
configure:8529: $? = 0
configure:8540: result: yes
configure:8553: checking for sys/types.h
configure:8553: gcc -c -g -O2  conftest.c >&5
configure:8553: $? = 0
configure:8553: result: yes
configure:8553: checking for sys/stat.h
configure:8553: gcc -c -g -O2  conftest.c >&5
configure:8553: $? = 0
configure:8553: result: yes
configure:8553: checking for stdlib.h
configure:8553: gcc -c -g -O2  conftest.c >&5
configure:8553: $? = 0
configure:8553: result: yes
configure:8553: checking for string.h
configure:8553: gcc -c -g -O2  conftest.c >&5
configure:8553: $? = 0
configure:8553: result: yes
configure:8553: checking for memory.h
configure:8553: gcc -c -g -O2  conftest.c >&5
configure:8553: $? = 0
configure:8553: result: yes
configure:8553: checking for strings.h
configure:8553: gcc -c -g -O2  conftest.c >&5
configure:8553: $? = 0
configure:8553: result: yes
configure:8553: checking for inttypes.h
configure:8553: gcc -c -g -O2  conftest.c >&5
configure:8553: $? = 0
configure:8553: result: yes
configure:8553: checking for stdint.h
configure:8553: gcc -c -g -O2  conftest.c >&5
configure:8553: $? = 0
configure:8553: result: yes
configure:8553: checking for unistd.h
configure:8553: gcc -c -g -O2  conftest.c >&5
configure:8553: $? = 0
configure:8553: result: yes
configure:8567: checking for dlfcn.h
configure:8567: gcc -c -g -O2  conftest.c >&5
configure:8567: $? = 0
configure:8567: result: yes
configure:8774: checking for objdir
configure:8789: result: .libs
configure:9053: checking if gcc supports -fno-rtti -fno-exceptions
configure:9071: gcc -c -g -O2  -fno-rtti -fno-exceptions conftest.c >&5
cc1: warning: command line option '-fno-rtti' is valid for C++/ObjC++ but not for C
configure:9075: $? = 0
configure:9088: result: no
configure:9446: checking for gcc option to produce PIC
configure:9453: result: -fPIC -DPIC
configure:9461: checking if gcc PIC flag -fPIC -DPIC works
configure:9479: gcc -c -g -O2  -fPIC -DPIC -DPIC conftest.c >&5
configure:9483: $? = 0
configure:9496: result: yes
configure:9525: checking if gcc static flag -static works
configure:9553: result: yes
configure:9568: checking if gcc supports -c -o file.o
configure:9589: gcc -c -g -O2  -o out/conftest2.o conftest.c >&5
configure:9593: $? = 0
configure:9615: result: yes
configure:9623: checking if gcc supports -c -o file.o
configure:9670: result: yes
configure:9703: checking whether the gcc linker (/usr/bin/ld -m elf_x86_64) supports shared libraries
configure:10966: result: yes
configure:11003: checking whether -lc should be explicitly linked in
configure:11011: gcc -c -g -O2  conftest.c >&5
configure:11014: $? = 0
configure:11029: gcc -shared  -fPIC -DPIC conftest.o  -v -Wl,-soname -Wl,conftest -o conftest 2\>\&1 \| /bin/grep  -lc  \>/dev/null 2\>\&1
configure:11032: $? = 0
configure:11046: result: no
configure:11206: checking dynamic linker characteristics
configure:11787: gcc -o conftest -g -O2   -Wl,-rpath -Wl,/foo conftest.c  >&5
configure:11787: $? = 0
configure:12036: result: GNU/Linux ld.so
configure:12158: checking how to hardcode library paths into programs
configure:12183: result: immediate
configure:12731: checking whether stripping libraries is possible
configure:12736: result: yes
configure:12771: checking if libtool supports shared libraries
configure:12773: result: yes
configure:12776: checking whether to build shared libraries
configure:12801: result: yes
configure:12804: checking whether to build static libraries
configure:12808: result: no
configure:12831: checking how to run the C++ preprocessor
configure:12858: g++ -E  conftest.cpp
configure:12858: $? = 0
configure:12872: g++ -E  conftest.cpp
conftest.cpp:23:28: fatal error: ac_nonexistent.h: No such file or directory
compilation terminated.
configure:12872: $? = 1
configure: failed program was:
| /* confdefs.h */
| #define PACKAGE_NAME "smqueue"
| #define PACKAGE_TARNAME "smqueue"
| #define PACKAGE_VERSION "5.0-master"
| #define PACKAGE_STRING "smqueue 5.0-master"
| #define PACKAGE_BUGREPORT ""
| #define PACKAGE_URL ""
| #define PACKAGE "smqueue"
| #define VERSION "5.0-master"
| #define STDC_HEADERS 1
| #define HAVE_SYS_TYPES_H 1
| #define HAVE_SYS_STAT_H 1
| #define HAVE_STDLIB_H 1
| #define HAVE_STRING_H 1
| #define HAVE_MEMORY_H 1
| #define HAVE_STRINGS_H 1
| #define HAVE_INTTYPES_H 1
| #define HAVE_STDINT_H 1
| #define HAVE_UNISTD_H 1
| #define HAVE_DLFCN_H 1
| #define LT_OBJDIR ".libs/"
| /* end confdefs.h.  */
| #include <ac_nonexistent.h>
configure:12897: result: g++ -E
configure:12917: g++ -E  conftest.cpp
configure:12917: $? = 0
configure:12931: g++ -E  conftest.cpp
conftest.cpp:23:28: fatal error: ac_nonexistent.h: No such file or directory
compilation terminated.
configure:12931: $? = 1
configure: failed program was:
| /* confdefs.h */
| #define PACKAGE_NAME "smqueue"
| #define PACKAGE_TARNAME "smqueue"
| #define PACKAGE_VERSION "5.0-master"
| #define PACKAGE_STRING "smqueue 5.0-master"
| #define PACKAGE_BUGREPORT ""
| #define PACKAGE_URL ""
| #define PACKAGE "smqueue"
| #define VERSION "5.0-master"
| #define STDC_HEADERS 1
| #define HAVE_SYS_TYPES_H 1
| #define HAVE_SYS_STAT_H 1
| #define HAVE_STDLIB_H 1
| #define HAVE_STRING_H 1
| #define HAVE_MEMORY_H 1
| #define HAVE_STRINGS_H 1
| #define HAVE_INTTYPES_H 1
| #define HAVE_STDINT_H 1
| #define HAVE_UNISTD_H 1
| #define HAVE_DLFCN_H 1
| #define LT_OBJDIR ".libs/"
| /* end confdefs.h.  */
| #include <ac_nonexistent.h>
configure:13093: checking for ld used by g++
configure:13160: result: /usr/bin/ld -m elf_x86_64
configure:13167: checking if the linker (/usr/bin/ld -m elf_x86_64) is GNU ld
configure:13182: result: yes
configure:13237: checking whether the g++ linker (/usr/bin/ld -m elf_x86_64) supports shared libraries
configure:14310: result: yes
configure:14346: g++ -c -g -O2  conftest.cpp >&5
configure:14349: $? = 0
configure:14830: checking for g++ option to produce PIC
configure:14837: result: -fPIC -DPIC
configure:14845: checking if g++ PIC flag -fPIC -DPIC works
configure:14863: g++ -c -g -O2  -fPIC -DPIC -DPIC conftest.cpp >&5
configure:14867: $? = 0
configure:14880: result: yes
configure:14903: checking if g++ static flag -static works
configure:14931: result: yes
configure:14943: checking if g++ supports -c -o file.o
configure:14964: g++ -c -g -O2  -o out/conftest2.o conftest.cpp >&5
configure:14968: $? = 0
configure:14990: result: yes
configure:14995: checking if g++ supports -c -o file.o
configure:15042: result: yes
configure:15072: checking whether the g++ linker (/usr/bin/ld -m elf_x86_64) supports shared libraries
configure:15115: result: yes
configure:15256: checking dynamic linker characteristics
configure:16013: result: GNU/Linux ld.so
configure:16078: checking how to hardcode library paths into programs
configure:16103: result: immediate
configure:16165: checking for ANSI C header files
configure:16269: result: yes
configure:16279: checking byteswap.h usability
configure:16279: gcc -c -g -O2  conftest.c >&5
configure:16279: $? = 0
configure:16279: result: yes
configure:16279: checking byteswap.h presence
configure:16279: gcc -E  conftest.c
configure:16279: $? = 0
configure:16279: result: yes
configure:16279: checking for byteswap.h
configure:16279: result: yes
configure:16290: checking for an ANSI C-conforming const
configure:16356: gcc -c -g -O2  conftest.c >&5
configure:16356: $? = 0
configure:16363: result: yes
configure:16371: checking for inline
configure:16387: gcc -c -g -O2  conftest.c >&5
configure:16387: $? = 0
configure:16395: result: inline
configure:16413: checking for size_t
configure:16413: gcc -c -g -O2  conftest.c >&5
configure:16413: $? = 0
configure:16413: gcc -c -g -O2  conftest.c >&5
conftest.c: In function 'main':
conftest.c:61:21: error: expected expression before ')' token
 if (sizeof ((size_t)))
                     ^
configure:16413: $? = 1
configure: failed program was:
| /* confdefs.h */
| #define PACKAGE_NAME "smqueue"
| #define PACKAGE_TARNAME "smqueue"
| #define PACKAGE_VERSION "5.0-master"
| #define PACKAGE_STRING "smqueue 5.0-master"
| #define PACKAGE_BUGREPORT ""
| #define PACKAGE_URL ""
| #define PACKAGE "smqueue"
| #define VERSION "5.0-master"
| #define STDC_HEADERS 1
| #define HAVE_SYS_TYPES_H 1
| #define HAVE_SYS_STAT_H 1
| #define HAVE_STDLIB_H 1
| #define HAVE_STRING_H 1
| #define HAVE_MEMORY_H 1
| #define HAVE_STRINGS_H 1
| #define HAVE_INTTYPES_H 1
| #define HAVE_STDINT_H 1
| #define HAVE_UNISTD_H 1
| #define HAVE_DLFCN_H 1
| #define LT_OBJDIR ".libs/"
| #define STDC_HEADERS 1
| #define HAVE_BYTESWAP_H 1
| /* end confdefs.h.  */
| #include <stdio.h>
| #ifdef HAVE_SYS_TYPES_H
| # include <sys/types.h>
| #endif
| #ifdef HAVE_SYS_STAT_H
| # include <sys/stat.h>
| #endif
| #ifdef STDC_HEADERS
| # include <stdlib.h>
| # include <stddef.h>
| #else
| # ifdef HAVE_STDLIB_H
| #  include <stdlib.h>
| # endif
| #endif
| #ifdef HAVE_STRING_H
| # if !defined STDC_HEADERS && defined HAVE_MEMORY_H
| #  include <memory.h>
| # endif
| # include <string.h>
| #endif
| #ifdef HAVE_STRINGS_H
| # include <strings.h>
| #endif
| #ifdef HAVE_INTTYPES_H
| # include <inttypes.h>
| #endif
| #ifdef HAVE_STDINT_H
| # include <stdint.h>
| #endif
| #ifdef HAVE_UNISTD_H
| # include <unistd.h>
| #endif
| int
| main ()
| {
| if (sizeof ((size_t)))
| 	    return 0;
|   ;
|   return 0;
| }
configure:16413: result: yes
configure:16424: checking whether time.h and sys/time.h may both be included
configure:16444: gcc -c -g -O2  conftest.c >&5
configure:16444: $? = 0
configure:16451: result: yes
configure:16459: checking whether byte ordering is bigendian
configure:16474: gcc -c -g -O2  conftest.c >&5
conftest.c:27:9: error: unknown type name 'not'
         not a universal capable compiler
         ^
conftest.c:27:15: error: expected '=', ',', ';', 'asm' or '__attribute__' before 'universal'
         not a universal capable compiler
               ^
conftest.c:27:15: error: unknown type name 'universal'
configure:16474: $? = 1
configure: failed program was:
| /* confdefs.h */
| #define PACKAGE_NAME "smqueue"
| #define PACKAGE_TARNAME "smqueue"
| #define PACKAGE_VERSION "5.0-master"
| #define PACKAGE_STRING "smqueue 5.0-master"
| #define PACKAGE_BUGREPORT ""
| #define PACKAGE_URL ""
| #define PACKAGE "smqueue"
| #define VERSION "5.0-master"
| #define STDC_HEADERS 1
| #define HAVE_SYS_TYPES_H 1
| #define HAVE_SYS_STAT_H 1
| #define HAVE_STDLIB_H 1
| #define HAVE_STRING_H 1
| #define HAVE_MEMORY_H 1
| #define HAVE_STRINGS_H 1
| #define HAVE_INTTYPES_H 1
| #define HAVE_STDINT_H 1
| #define HAVE_UNISTD_H 1
| #define HAVE_DLFCN_H 1
| #define LT_OBJDIR ".libs/"
| #define STDC_HEADERS 1
| #define HAVE_BYTESWAP_H 1
| #define TIME_WITH_SYS_TIME 1
| /* end confdefs.h.  */
| #ifndef __APPLE_CC__
| 	       not a universal capable compiler
| 	     #endif
| 	     typedef int dummy;
| 
configure:16519: gcc -c -g -O2  conftest.c >&5
configure:16519: $? = 0
configure:16537: gcc -c -g -O2  conftest.c >&5
conftest.c: In function 'main':
conftest.c:33:4: error: unknown type name 'not'
    not big endian
    ^
conftest.c:33:12: error: expected '=', ',', ';', 'asm' or '__attribute__' before 'endian'
    not big endian
            ^
configure:16537: $? = 1
configure: failed program was:
| /* confdefs.h */
| #define PACKAGE_NAME "smqueue"
| #define PACKAGE_TARNAME "smqueue"
| #define PACKAGE_VERSION "5.0-master"
| #define PACKAGE_STRING "smqueue 5.0-master"
| #define PACKAGE_BUGREPORT ""
| #define PACKAGE_URL ""
| #define PACKAGE "smqueue"
| #define VERSION "5.0-master"
| #define STDC_HEADERS 1
| #define HAVE_SYS_TYPES_H 1
| #define HAVE_SYS_STAT_H 1
| #define HAVE_STDLIB_H 1
| #define HAVE_STRING_H 1
| #define HAVE_MEMORY_H 1
| #define HAVE_STRINGS_H 1
| #define HAVE_INTTYPES_H 1
| #define HAVE_STDINT_H 1
| #define HAVE_UNISTD_H 1
| #define HAVE_DLFCN_H 1
| #define LT_OBJDIR ".libs/"
| #define STDC_HEADERS 1
| #define HAVE_BYTESWAP_H 1
| #define TIME_WITH_SYS_TIME 1
| /* end confdefs.h.  */
| #include <sys/types.h>
| 		#include <sys/param.h>
| 
| int
| main ()
| {
| #if BYTE_ORDER != BIG_ENDIAN
| 		 not big endian
| 		#endif
| 
|   ;
|   return 0;
| }
configure:16665: result: no
configure:16690: checking for zmq_init in -lzmq
configure:16715: gcc -o conftest -g -O2   conftest.c -lzmq   >&5
configure:16715: $? = 0
configure:16724: result: yes
configure:16737: checking whether libzmq installation works
configure:16751: gcc -o conftest -g -O2   conftest.c -lzmq  >&5
configure:16751: $? = 0
configure:16752: result: yes
configure:16810: checking for pkg-config
configure:16828: found /usr/bin/pkg-config
configure:16840: result: /usr/bin/pkg-config
configure:16865: checking pkg-config is at least version 0.18
configure:16868: result: yes
configure:16879: checking for OSIP
configure:16887: $PKG_CONFIG --exists --print-errors "libosip2"
configure:16890: $? = 0
configure:16927: $PKG_CONFIG --exists --print-errors "libosip2"
configure:16930: $? = 0
configure:16947: $PKG_CONFIG --exists --print-errors "libosip2"
configure:16950: $? = 0
configure:17017: result: yes
configure:17023: checking for gethostbyname_r
configure:17023: gcc -o conftest -g -O2   conftest.c -lzmq  >&5
configure:17023: $? = 0
configure:17023: result: yes
configure:17030: checking for gethostbyname2_r
configure:17030: gcc -o conftest -g -O2   conftest.c -lzmq  >&5
configure:17030: $? = 0
configure:17030: result: yes
configure:17150: checking that generated files are newer than configure
configure:17156: result: done
configure:17188: creating ./config.status

## ---------------------- ##
## Running config.status. ##
## ---------------------- ##

This file was extended by smqueue config.status 5.0-master, which was
generated by GNU Autoconf 2.69.  Invocation command line was

  CONFIG_FILES    = 
  CONFIG_HEADERS  = 
  CONFIG_LINKS    = 
  CONFIG_COMMANDS = 
  $ ./config.status 

on Lenovo

config.status:1177: creating Makefile
config.status:1177: creating config/Makefile
config.status:1177: creating doc/Makefile
config.status:1177: creating CommonLibs/Makefile
config.status:1177: creating Globals/Makefile
config.status:1177: creating GSM/Makefile
config.status:1177: creating SMS/Makefile
config.status:1177: creating NodeManager/Makefile
config.status:1177: creating smqueue/Makefile
config.status:1177: creating testing/Makefile
config.status:1177: creating config.h
config.status:1358: config.h is unchanged
config.status:1406: executing depfiles commands
config.status:1406: executing libtool commands

## ---------------- ##
## Cache variables. ##
## ---------------- ##

ac_cv_build=x86_64-pc-linux-gnu
ac_cv_c_bigendian=no
ac_cv_c_compiler_gnu=yes
ac_cv_c_const=yes
ac_cv_c_inline=inline
ac_cv_cxx_compiler_gnu=yes
ac_cv_env_CCASFLAGS_set=
ac_cv_env_CCASFLAGS_value=
ac_cv_env_CCAS_set=
ac_cv_env_CCAS_value=
ac_cv_env_CCC_set=
ac_cv_env_CCC_value=
ac_cv_env_CC_set=
ac_cv_env_CC_value=
ac_cv_env_CFLAGS_set=
ac_cv_env_CFLAGS_value=
ac_cv_env_CPPFLAGS_set=
ac_cv_env_CPPFLAGS_value=
ac_cv_env_CPP_set=
ac_cv_env_CPP_value=
ac_cv_env_CXXCPP_set=
ac_cv_env_CXXCPP_value=
ac_cv_env_CXXFLAGS_set=
ac_cv_env_CXXFLAGS_value=
ac_cv_env_CXX_set=
ac_cv_env_CXX_value=
ac_cv_env_LDFLAGS_set=
ac_cv_env_LDFLAGS_value=
ac_cv_env_LIBS_set=
ac_cv_env_LIBS_value=
ac_cv_env_LT_SYS_LIBRARY_PATH_set=
ac_cv_env_LT_SYS_LIBRARY_PATH_value=
ac_cv_env_OSIP_CFLAGS_set=
ac_cv_env_OSIP_CFLAGS_value=
ac_cv_env_OSIP_INCLUDEDIR_set=
ac_cv_env_OSIP_INCLUDEDIR_value=
ac_cv_env_OSIP_LIBS_set=
ac_cv_env_OSIP_LIBS_value=
ac_cv_env_PKG_CONFIG_set=
ac_cv_env_PKG_CONFIG_value=
ac_cv_env_build_alias_set=
ac_cv_env_build_alias_value=
ac_cv_env_host_alias_set=
ac_cv_env_host_alias_value=
ac_cv_env_target_alias_set=
ac_cv_env_target_alias_value=
ac_cv_func_gethostbyname2_r=yes
ac_cv_func_gethostbyname_r=yes
ac_cv_header_byteswap_h=yes
ac_cv_header_dlfcn_h=yes
ac_cv_header_inttypes_h=yes
ac_cv_header_memory_h=yes
ac_cv_header_stdc=yes
ac_cv_header_stdint_h=yes
ac_cv_header_stdlib_h=yes
ac_cv_header_string_h=yes
ac_cv_header_strings_h=yes
ac_cv_header_sys_stat_h=yes
ac_cv_header_sys_types_h=yes
ac_cv_header_time=yes
ac_cv_header_unistd_h=yes
ac_cv_host=x86_64-pc-linux-gnu
ac_cv_lib_zmq_zmq_init=yes
ac_cv_objext=o
ac_cv_path_EGREP='/bin/grep -E'
ac_cv_path_FGREP='/bin/grep -F'
ac_cv_path_GREP=/bin/grep
ac_cv_path_RM_PROG=/bin/rm
ac_cv_path_SED=/bin/sed
ac_cv_path_ac_pt_PKG_CONFIG=/usr/bin/pkg-config
ac_cv_path_install='/usr/bin/install -c'
ac_cv_path_lt_DD=/bin/dd
ac_cv_path_mkdir=/bin/mkdir
ac_cv_prog_AWK=mawk
ac_cv_prog_CPP='gcc -E'
ac_cv_prog_CXXCPP='g++ -E'
ac_cv_prog_ac_ct_AR=ar
ac_cv_prog_ac_ct_CC=gcc
ac_cv_prog_ac_ct_CXX=g++
ac_cv_prog_ac_ct_MANIFEST_TOOL=mt
ac_cv_prog_ac_ct_OBJDUMP=objdump
ac_cv_prog_ac_ct_RANLIB=ranlib
ac_cv_prog_ac_ct_STRIP=strip
ac_cv_prog_cc_c89=
ac_cv_prog_cc_g=yes
ac_cv_prog_cxx_g=yes
ac_cv_prog_make_make_set=yes
ac_cv_target=x86_64-pc-linux-gnu
ac_cv_type_size_t=yes
am_cv_CCAS_dependencies_compiler_type=gcc3
am_cv_CC_dependencies_compiler_type=gcc3
am_cv_CXX_dependencies_compiler_type=gcc3
am_cv_make_support_nested_variables=yes
am_cv_prog_cc_c_o=yes
lt_cv_ar_at_file=@
lt_cv_archive_cmds_need_lc=no
lt_cv_deplibs_check_method=pass_all
lt_cv_file_magic_cmd='$MAGIC_CMD'
lt_cv_file_magic_test_file=
lt_cv_ld_reload_flag=-r
lt_cv_nm_interface='BSD nm'
lt_cv_objdir=.libs
lt_cv_path_LD=/usr/bin/ld
lt_cv_path_LDCXX='/usr/bin/ld -m elf_x86_64'
lt_cv_path_NM='/usr/bin/nm -B'
lt_cv_path_mainfest_tool=no
lt_cv_prog_compiler_c_o=yes
lt_cv_prog_compiler_c_o_CXX=yes
lt_cv_prog_compiler_pic='-fPIC -DPIC'
lt_cv_prog_compiler_pic_CXX='-fPIC -DPIC'
lt_cv_prog_compiler_pic_works=yes
lt_cv_prog_compiler_pic_works_CXX=yes
lt_cv_prog_compiler_rtti_exceptions=no
lt_cv_prog_compiler_static_works=yes
lt_cv_prog_compiler_static_works_CXX=yes
lt_cv_prog_gnu_ld=yes
lt_cv_prog_gnu_ldcxx=yes
lt_cv_sharedlib_from_linklib_cmd='printf %s\n'
lt_cv_shlibpath_overrides_runpath=no
lt_cv_sys_global_symbol_pipe='sed -n -e '\''s/^.*[	 ]\([ABCDGIRSTW][ABCDGIRSTW]*\)[	 ][	 ]*\([_A-Za-z][_A-Za-z0-9]*\)$/\1 \2 \2/p'\'' | sed '\''/ __gnu_lto/d'\'''
lt_cv_sys_global_symbol_to_c_name_address='sed -n -e '\''s/^: \(.*\) .*$/  {"\1", (void *) 0},/p'\'' -e '\''s/^[ABCDGIRSTW][ABCDGIRSTW]* .* \(.*\)$/  {"\1", (void *) \&\1},/p'\'''
lt_cv_sys_global_symbol_to_c_name_address_lib_prefix='sed -n -e '\''s/^: \(.*\) .*$/  {"\1", (void *) 0},/p'\'' -e '\''s/^[ABCDGIRSTW][ABCDGIRSTW]* .* \(lib.*\)$/  {"\1", (void *) \&\1},/p'\'' -e '\''s/^[ABCDGIRSTW][ABCDGIRSTW]* .* \(.*\)$/  {"lib\1", (void *) \&\1},/p'\'''
lt_cv_sys_global_symbol_to_cdecl='sed -n -e '\''s/^T .* \(.*\)$/extern int \1();/p'\'' -e '\''s/^[ABCDGIRSTW][ABCDGIRSTW]* .* \(.*\)$/extern char \1;/p'\'''
lt_cv_sys_global_symbol_to_import=
lt_cv_sys_max_cmd_len=1572864
lt_cv_to_host_file_cmd=func_convert_file_noop
lt_cv_to_tool_file_cmd=func_convert_file_noop
lt_cv_truncate_bin='/bin/dd bs=4096 count=1'
pkg_cv_OSIP_CFLAGS=-DHAVE_PTHREAD
pkg_cv_OSIP_CPPFLAGS=' -DHAVE_PTHREAD'
pkg_cv_OSIP_INCLUDEDIR=/usr/include
pkg_cv_OSIP_LIBS='-losipparser2 -losip2'

## ----------------- ##
## Output variables. ##
## ----------------- ##

ACLOCAL='${SHELL} /home/eelions/dev/smqueue/missing aclocal-1.15'
AMDEPBACKSLASH='\'
AMDEP_FALSE='#'
AMDEP_TRUE=''
AMTAR='$${TAR-tar}'
AM_BACKSLASH='\'
AM_DEFAULT_V='$(AM_DEFAULT_VERBOSITY)'
AM_DEFAULT_VERBOSITY='1'
AM_V='$(V)'
AR='ar'
AUTOCONF='${SHELL} /home/eelions/dev/smqueue/missing autoconf'
AUTOHEADER='${SHELL} /home/eelions/dev/smqueue/missing autoheader'
AUTOMAKE='${SHELL} /home/eelions/dev/smqueue/missing automake-1.15'
AWK='mawk'
CC='gcc'
CCAS='gcc'
CCASDEPMODE='depmode=gcc3'
CCASFLAGS='-g -O2'
CCDEPMODE='depmode=gcc3'
CFLAGS='-g -O2'
CPP='gcc -E'
CPPFLAGS=''
CXX='g++'
CXXCPP='g++ -E'
CXXDEPMODE='depmode=gcc3'
CXXFLAGS='-g -O2'
CYGPATH_W='echo'
DEFS='-DHAVE_CONFIG_H'
DEPDIR='.deps'
DLLTOOL='false'
DSYMUTIL=''
DUMPBIN=''
ECHO_C=''
ECHO_N='-n'
ECHO_T=''
EGREP='/bin/grep -E'
EXEEXT=''
FGREP='/bin/grep -F'
GREP='/bin/grep'
INSTALL_DATA='${INSTALL} -m 644'
INSTALL_PROGRAM='${INSTALL}'
INSTALL_SCRIPT='${INSTALL}'
INSTALL_STRIP_PROGRAM='$(install_sh) -c -s'
LD='/usr/bin/ld -m elf_x86_64'
LDFLAGS=''
LIBOBJS=''
LIBS='-lzmq '
LIBTOOL='$(SHELL) $(top_builddir)/libtool'
LIPO=''
LN_S='ln -s'
LTLIBOBJS=''
LT_SYS_LIBRARY_PATH=''
MAKEINFO='${SHELL} /home/eelions/dev/smqueue/missing makeinfo'
MANIFEST_TOOL=':'
MKDIR_P='/bin/mkdir -p'
NM='/usr/bin/nm -B'
NMEDIT=''
OBJDUMP='objdump'
OBJEXT='o'
OSIP_CFLAGS='-DHAVE_PTHREAD'
OSIP_CPPFLAGS=' -DHAVE_PTHREAD'
OSIP_INCLUDEDIR='/usr/include'
OSIP_LIBS='-losipparser2 -losip2'
OTOOL64=''
OTOOL=''
PACKAGE='smqueue'
PACKAGE_BUGREPORT=''
PACKAGE_NAME='smqueue'
PACKAGE_STRING='smqueue 5.0-master'
PACKAGE_TARNAME='smqueue'
PACKAGE_URL=''
PACKAGE_VERSION='5.0-master'
PATH_SEPARATOR=':'
PKG_CONFIG='/usr/bin/pkg-config'
RANLIB='ranlib'
RM_PROG='/bin/rm'
SED='/bin/sed'
SET_MAKE=''
SHELL='/bin/bash'
STRIP='strip'
VERSION='5.0-master'
ac_ct_AR='ar'
ac_ct_CC='gcc'
ac_ct_CXX='g++'
ac_ct_DUMPBIN=''
am__EXEEXT_FALSE=''
am__EXEEXT_TRUE='#'
am__fastdepCCAS_FALSE='#'
am__fastdepCCAS_TRUE=''
am__fastdepCC_FALSE='#'
am__fastdepCC_TRUE=''
am__fastdepCXX_FALSE='#'
am__fastdepCXX_TRUE=''
am__include='include'
am__isrc=''
am__leading_dot='.'
am__nodep='_no'
am__quote=''
am__tar='$${TAR-tar} chof - "$$tardir"'
am__untar='$${TAR-tar} xf -'
bindir='${exec_prefix}/bin'
build='x86_64-pc-linux-gnu'
build_alias=''
build_cpu='x86_64'
build_os='linux-gnu'
build_vendor='pc'
datadir='${datarootdir}'
datarootdir='${prefix}/share'
docdir='${datarootdir}/doc/${PACKAGE_TARNAME}'
dvidir='${docdir}'
exec_prefix='${prefix}'
host='x86_64-pc-linux-gnu'
host_alias=''
host_cpu='x86_64'
host_os='linux-gnu'
host_vendor='pc'
htmldir='${docdir}'
includedir='${prefix}/include'
infodir='${datarootdir}/info'
install_sh='${SHELL} /home/eelions/dev/smqueue/install-sh'
libdir='${exec_prefix}/lib'
libexecdir='${exec_prefix}/libexec'
localedir='${datarootdir}/locale'
localstatedir='${prefix}/var'
mandir='${datarootdir}/man'
mkdir_p='$(MKDIR_P)'
oldincludedir='/usr/include'
pdfdir='${docdir}'
prefix='/usr/local'
program_transform_name='s,x,x,'
psdir='${docdir}'
runstatedir='${localstatedir}/run'
sbindir='${exec_prefix}/sbin'
sharedstatedir='${prefix}/com'
sysconfdir='${prefix}/etc'
target='x86_64-pc-linux-gnu'
target_alias=''
target_cpu='x86_64'
target_os='linux-gnu'
target_vendor='pc'

## ----------- ##
## confdefs.h. ##
## ----------- ##

/* confdefs.h */
#define PACKAGE_NAME "smqueue"
#define PACKAGE_TARNAME "smqueue"
#define PACKAGE_VERSION "5.0-master"
#define PACKAGE_STRING "smqueue 5.0-master"
#define PACKAGE_BUGREPORT ""
#define PACKAGE_URL ""
#define PACKAGE "smqueue"
#define VERSION "5.0-master"
#define STDC_HEADERS 1
#define HAVE_SYS_TYPES_H 1
#define HAVE_SYS_STAT_H 1
#define HAVE_STDLIB_H 1
#define HAVE_STRING_H 1
#define HAVE_MEMORY_H 1
#define HAVE_STRINGS_H 1
#define HAVE_INTTYPES_H 1
#define HAVE_STDINT_H 1
#define HAVE_UNISTD_H 1
#define HAVE_DLFCN_H 1
#define LT_OBJDIR ".libs/"
#define STDC_HEADERS 1
#define HAVE_BYTESWAP_H 1
#define TIME_WITH_SYS_TIME 1
#define HAVE_LIBZMQ 1
#define HAVE_GETHOSTBYNAME_R 1
#define HAVE_GETHOSTBYNAME2_R 1

configure: exit 0
